TN:
SF:api\services\ConfigService.ts
FN:9,(anonymous_0)
FN:13,(anonymous_1)
FN:17,(anonymous_2)
FN:29,(anonymous_3)
FN:33,(anonymous_4)
FN:37,(anonymous_5)
FN:41,(anonymous_6)
FN:72,(anonymous_7)
FN:87,(anonymous_8)
FN:96,(anonymous_9)
FN:98,(anonymous_10)
FN:101,(anonymous_11)
FN:126,(anonymous_12)
FN:129,(anonymous_13)
FN:146,(anonymous_14)
FN:149,(anonymous_15)
FNF:16
FNH:0
FNDA:0,(anonymous_0)
FNDA:0,(anonymous_1)
FNDA:0,(anonymous_2)
FNDA:0,(anonymous_3)
FNDA:0,(anonymous_4)
FNDA:0,(anonymous_5)
FNDA:0,(anonymous_6)
FNDA:0,(anonymous_7)
FNDA:0,(anonymous_8)
FNDA:0,(anonymous_9)
FNDA:0,(anonymous_10)
FNDA:0,(anonymous_11)
FNDA:0,(anonymous_12)
FNDA:0,(anonymous_13)
FNDA:0,(anonymous_14)
FNDA:0,(anonymous_15)
DA:10,0
DA:14,0
DA:18,0
DA:26,0
DA:30,0
DA:34,0
DA:38,0
DA:42,0
DA:46,0
DA:47,0
DA:48,0
DA:49,0
DA:50,0
DA:53,0
DA:64,0
DA:65,0
DA:66,0
DA:67,0
DA:69,0
DA:73,0
DA:74,0
DA:75,0
DA:76,0
DA:77,0
DA:79,0
DA:80,0
DA:81,0
DA:82,0
DA:84,0
DA:88,0
DA:89,0
DA:90,0
DA:91,0
DA:93,0
DA:97,0
DA:98,0
DA:99,0
DA:101,0
DA:102,0
DA:104,0
DA:105,0
DA:106,0
DA:107,0
DA:108,0
DA:110,0
DA:113,0
DA:117,0
DA:119,0
DA:127,0
DA:128,0
DA:129,0
DA:130,0
DA:132,0
DA:133,0
DA:140,0
DA:141,0
DA:143,0
DA:147,0
DA:148,0
DA:149,0
DA:150,0
DA:152,0
DA:153,0
DA:160,0
DA:161,0
DA:163,0
DA:167,0
LF:67
LH:0
BRDA:41,0,0,0
BRDA:46,1,0,0
BRDA:46,1,1,0
BRDA:65,2,0,0
BRDA:65,2,1,0
BRDA:73,3,0,0
BRDA:73,3,1,0
BRDA:73,4,0,0
BRDA:73,4,1,0
BRDA:80,5,0,0
BRDA:80,5,1,0
BRDA:89,6,0,0
BRDA:89,6,1,0
BRDA:98,7,0,0
BRDA:98,7,1,0
BRDA:99,8,0,0
BRDA:99,8,1,0
BRDA:102,9,0,0
BRDA:102,9,1,0
BRDA:106,10,0,0
BRDA:106,10,1,0
BRDA:106,11,0,0
BRDA:106,11,1,0
BRDA:106,11,2,0
BRDA:128,12,0,0
BRDA:128,12,1,0
BRDA:130,13,0,0
BRDA:130,13,1,0
BRDA:130,14,0,0
BRDA:130,14,1,0
BRDA:140,15,0,0
BRDA:140,15,1,0
BRDA:148,16,0,0
BRDA:148,16,1,0
BRDA:150,17,0,0
BRDA:150,17,1,0
BRDA:150,18,0,0
BRDA:150,18,1,0
BRDA:150,18,2,0
BRDA:150,18,3,0
BRDA:160,19,0,0
BRDA:160,19,1,0
BRF:42
BRH:0
end_of_record
TN:
SF:api\services\EncryptionService.ts
FN:9,(anonymous_0)
FN:18,(anonymous_1)
FN:32,(anonymous_2)
FN:43,(anonymous_3)
FNF:4
FNH:4
FNDA:734,(anonymous_0)
FNDA:237,(anonymous_1)
FNDA:497,(anonymous_2)
FNDA:2,(anonymous_3)
DA:4,1
DA:5,1
DA:6,1
DA:10,734
DA:11,734
DA:12,1
DA:13,1
DA:15,734
DA:19,237
DA:20,237
DA:21,237
DA:22,237
DA:23,237
DA:24,237
DA:25,237
DA:33,497
DA:34,497
DA:35,497
DA:36,497
DA:37,497
DA:38,496
DA:39,496
DA:40,181
DA:44,2
DA:45,2
DA:46,2
DA:47,2
DA:48,3
DA:49,4
DA:58,2
DA:62,1
LF:31
LH:31
BRDA:11,0,0,1
BRDA:11,0,1,733
BRF:2
BRH:2
end_of_record
